Tue Jul  8 11:21:52 2025       
+-----------------------------------------------------------------------------------------+
| NVIDIA-SMI 570.124.06             Driver Version: 570.124.06     CUDA Version: 12.8     |
|-----------------------------------------+------------------------+----------------------+
| GPU  Name                 Persistence-M | Bus-Id          Disp.A | Volatile Uncorr. ECC |
| Fan  Temp   Perf          Pwr:Usage/Cap |           Memory-Usage | GPU-Util  Compute M. |
|                                         |                        |               MIG M. |
|=========================================+========================+======================|
|   0  NVIDIA H200                    On  |   00000000:19:00.0 Off |                    0 |
| N/A   29C    P0            113W /  700W |   10858MiB / 143771MiB |      0%      Default |
|                                         |                        |             Disabled |
+-----------------------------------------+------------------------+----------------------+
|   1  NVIDIA H200                    On  |   00000000:2A:00.0 Off |                    0 |
| N/A   31C    P0            116W /  700W |   10906MiB / 143771MiB |      0%      Default |
|                                         |                        |             Disabled |
+-----------------------------------------+------------------------+----------------------+
|   2  NVIDIA H200                    On  |   00000000:3B:00.0 Off |                    0 |
| N/A   32C    P0            118W /  700W |   10906MiB / 143771MiB |      0%      Default |
|                                         |                        |             Disabled |
+-----------------------------------------+------------------------+----------------------+
|   3  NVIDIA H200                    On  |   00000000:5D:00.0 Off |                    0 |
| N/A   29C    P0            117W /  700W |   10906MiB / 143771MiB |      0%      Default |
|                                         |                        |             Disabled |
+-----------------------------------------+------------------------+----------------------+
|   4  NVIDIA H200                    On  |   00000000:9B:00.0 Off |                    0 |
| N/A   31C    P0            114W /  700W |   10906MiB / 143771MiB |      0%      Default |
|                                         |                        |             Disabled |
+-----------------------------------------+------------------------+----------------------+
|   5  NVIDIA H200                    On  |   00000000:AB:00.0 Off |                    0 |
| N/A   33C    P0            118W /  700W |   10906MiB / 143771MiB |      0%      Default |
|                                         |                        |             Disabled |
+-----------------------------------------+------------------------+----------------------+
|   6  NVIDIA H200                    On  |   00000000:BB:00.0 Off |                    0 |
| N/A   32C    P0            116W /  700W |   10906MiB / 143771MiB |      0%      Default |
|                                         |                        |             Disabled |
+-----------------------------------------+------------------------+----------------------+
|   7  NVIDIA H200                    On  |   00000000:DB:00.0 Off |                    0 |
| N/A   30C    P0            114W /  700W |   10666MiB / 143771MiB |      0%      Default |
|                                         |                        |             Disabled |
+-----------------------------------------+------------------------+----------------------+
                                                                                         
+-----------------------------------------------------------------------------------------+
| Processes:                                                                              |
|  GPU   GI   CI              PID   Type   Process name                        GPU Memory |
|        ID   ID                                                               Usage      |
|=========================================================================================|
|    0   N/A  N/A          527749      C   ...or_rollout_generate_sequences      10848MiB |
|    1   N/A  N/A          540126      C   ...or_rollout_generate_sequences      10896MiB |
|    2   N/A  N/A          540127      C   ...or_rollout_generate_sequences      10896MiB |
|    3   N/A  N/A          540128      C   ...or_rollout_generate_sequences      10896MiB |
|    4   N/A  N/A          540129      C   ...or_rollout_generate_sequences      10896MiB |
|    5   N/A  N/A          540130      C   ...or_rollout_generate_sequences      10896MiB |
|    6   N/A  N/A          540131      C   ...or_rollout_generate_sequences      10896MiB |
|    7   N/A  N/A          540132      C   ...or_rollout_generate_sequences      10656MiB |
+-----------------------------------------------------------------------------------------+
