Sun Jul  6 23:07:38 2025       
+-----------------------------------------------------------------------------+
| NVIDIA-SMI 525.125.06   Driver Version: 525.125.06   CUDA Version: 12.0     |
|-------------------------------+----------------------+----------------------+
| GPU  Name        Persistence-M| Bus-Id        Disp.A | Volatile Uncorr. ECC |
| Fan  Temp  Perf  Pwr:Usage/Cap|         Memory-Usage | GPU-Util  Compute M. |
|                               |                      |               MIG M. |
|===============================+======================+======================|
|   0  NVIDIA A800-SXM...  Off  | 00000000:59:00.0 Off |                    0 |
| N/A   27C    P0    59W / 400W |   5441MiB / 81920MiB |      0%      Default |
|                               |                      |             Disabled |
+-------------------------------+----------------------+----------------------+
|   1  NVIDIA A800-SXM...  Off  | 00000000:B7:00.0 Off |                    0 |
| N/A   26C    P0    57W / 400W |    591MiB / 81920MiB |      0%      Default |
|                               |                      |             Disabled |
+-------------------------------+----------------------+----------------------+
|   2  NVIDIA A800-SXM...  Off  | 00000000:BC:00.0 Off |                    0 |
| N/A   28C    P0    55W / 400W |    207MiB / 81920MiB |      0%      Default |
|                               |                      |             Disabled |
+-------------------------------+----------------------+----------------------+
|   3  NVIDIA A800-SXM...  Off  | 00000000:D4:00.0 Off |                    0 |
| N/A   30C    P0    58W / 400W |    399MiB / 81920MiB |      0%      Default |
|                               |                      |             Disabled |
+-------------------------------+----------------------+----------------------+
                                                                               
+-----------------------------------------------------------------------------+
| Processes:                                                                  |
|  GPU   GI   CI        PID   Type   Process name                  GPU Memory |
|        ID   ID                                                   Usage      |
|=============================================================================|
|    0   N/A  N/A   1039861      C   python                           5428MiB |
+-----------------------------------------------------------------------------+
