Sat Jul 12 19:23:13 2025       
+-----------------------------------------------------------------------------------------+
| NVIDIA-SMI 570.153.02             Driver Version: 570.153.02     CUDA Version: 12.8     |
|-----------------------------------------+------------------------+----------------------+
| GPU  Name                 Persistence-M | Bus-Id          Disp.A | Volatile Uncorr. ECC |
| Fan  Temp   Perf          Pwr:Usage/Cap |           Memory-Usage | GPU-Util  Compute M. |
|                                         |                        |               MIG M. |
|=========================================+========================+======================|
|   0  NVIDIA GeForce RTX 5090        Off |   00000000:81:00.0  On |                  N/A |
| 30%   47C    P8             44W /  575W |      80MiB /  32607MiB |      0%      Default |
|                                         |                        |                  N/A |
+-----------------------------------------+------------------------+----------------------+
|   1  NVIDIA GeForce RTX 5090        Off |   00000000:82:00.0 Off |                  N/A |
|  0%   57C    P8             35W /  575W |      15MiB /  32607MiB |      0%      Default |
|                                         |                        |                  N/A |
+-----------------------------------------+------------------------+----------------------+
                                                                                         
+-----------------------------------------------------------------------------------------+
| Processes:                                                                              |
|  GPU   GI   CI              PID   Type   Process name                        GPU Memory |
|        ID   ID                                                               Usage      |
|=========================================================================================|
|    0   N/A  N/A            2324      G   /usr/lib/xorg/Xorg                       69MiB |
|    1   N/A  N/A            2324      G   /usr/lib/xorg/Xorg                        4MiB |
+-----------------------------------------------------------------------------------------+
